Build started 11/02/2015 10:45:36 AM.
     1>Project "E:\My School\GBC\Instructor Notes\GAME1011 - Object-Oriented Programming\New\Week 5\Examples\GAME1011_W05_LabExample\GAME1011_W05_LabExample\GAME1011_W05_LabExample.vcxproj" on node 2 (build target(s)).
     1>InitializeBuildStatus:
         Creating "Debug\GAME1011_W05_LabExample.unsuccessfulbuild" because "AlwaysCreate" was specified.
       ClCompile:
         C:\Program Files (x86)\Microsoft Visual Studio 10.0\VC\bin\CL.exe /c /ZI /nologo /W3 /WX- /Od /Oy- /D WIN32 /D _DEBUG /D _CONSOLE /D _UNICODE /D UNICODE /Gm /EHsc /RTC1 /MDd /GS /fp:precise /Zc:wchar_t /Zc:forScope /Fo"Debug\\" /Fd"Debug\vc100.pdb" /Gd /TP /analyze- /errorReport:prompt Main.cpp
         Main.cpp
       ManifestResourceCompile:
         All outputs are up-to-date.
       Link:
         C:\Program Files (x86)\Microsoft Visual Studio 10.0\VC\bin\link.exe /ERRORREPORT:PROMPT /OUT:"E:\My School\GBC\Instructor Notes\GAME1011 - Object-Oriented Programming\New\Week 5\Examples\GAME1011_W05_LabExample\Debug\GAME1011_W05_LabExample.exe" /INCREMENTAL /NOLOGO kernel32.lib user32.lib gdi32.lib winspool.lib comdlg32.lib advapi32.lib shell32.lib ole32.lib oleaut32.lib uuid.lib odbc32.lib odbccp32.lib /MANIFEST /ManifestFile:"Debug\GAME1011_W05_LabExample.exe.intermediate.manifest" /MANIFESTUAC:"level='asInvoker' uiAccess='false'" /DEBUG /PDB:"E:\My School\GBC\Instructor Notes\GAME1011 - Object-Oriented Programming\New\Week 5\Examples\GAME1011_W05_LabExample\Debug\GAME1011_W05_LabExample.pdb" /SUBSYSTEM:CONSOLE /TLBID:1 /DYNAMICBASE /NXCOMPAT /IMPLIB:"E:\My School\GBC\Instructor Notes\GAME1011 - Object-Oriented Programming\New\Week 5\Examples\GAME1011_W05_LabExample\Debug\GAME1011_W05_LabExample.lib" /MACHINE:X86 Debug\GAME1011_W05_LabExample.exe.embed.manifest.res
         Debug\Main.obj
         Debug\Student.obj
       Manifest:
         C:\Program Files (x86)\Microsoft SDKs\Windows\v7.0A\bin\mt.exe /nologo /verbose /out:"Debug\GAME1011_W05_LabExample.exe.embed.manifest" /manifest Debug\GAME1011_W05_LabExample.exe.intermediate.manifest
         All outputs are up-to-date.
       LinkEmbedManifest:
         All outputs are up-to-date.
         GAME1011_W05_LabExample.vcxproj -> E:\My School\GBC\Instructor Notes\GAME1011 - Object-Oriented Programming\New\Week 5\Examples\GAME1011_W05_LabExample\Debug\GAME1011_W05_LabExample.exe
       FinalizeBuildStatus:
         Deleting file "Debug\GAME1011_W05_LabExample.unsuccessfulbuild".
         Touching "Debug\GAME1011_W05_LabExample.lastbuildstate".
     1>Done Building Project "E:\My School\GBC\Instructor Notes\GAME1011 - Object-Oriented Programming\New\Week 5\Examples\GAME1011_W05_LabExample\GAME1011_W05_LabExample\GAME1011_W05_LabExample.vcxproj" (build target(s)).

Build succeeded.

Time Elapsed 00:00:01.00
