Build started 21/01/2015 11:44:51 AM.
     1>Project "E:\My School\GBC\Instructor Notes\GAME1011 - Object-Oriented Programming\New\Week 3\Examples\GAME1011_W03_LabExample\GAME1011_W03_LabExample\GAME1011_W03_LabExample.vcxproj" on node 2 (rebuild target(s)).
     1>_PrepareForClean:
         Deleting file "Debug\GAME1011_W03_LabExample.lastbuildstate".
       InitializeBuildStatus:
         Touching "Debug\GAME1011_W03_LabExample.unsuccessfulbuild".
       ClCompile:
         C:\Program Files (x86)\Microsoft Visual Studio 10.0\VC\bin\CL.exe /c /ZI /nologo /W3 /WX- /Od /Oy- /D WIN32 /D _DEBUG /D _CONSOLE /D _UNICODE /D UNICODE /Gm /EHsc /RTC1 /MDd /GS /fp:precise /Zc:wchar_t /Zc:forScope /Fo"Debug\\" /Fd"Debug\vc100.pdb" /Gd /TP /analyze- /errorReport:prompt Main.cpp
         Main.cpp
       ManifestResourceCompile:
         C:\Program Files (x86)\Microsoft SDKs\Windows\v7.0A\bin\rc.exe /nologo /fo"Debug\GAME1011_W03_LabExample.exe.embed.manifest.res" Debug\GAME1011_W03_LabExample_manifest.rc 
       Link:
         C:\Program Files (x86)\Microsoft Visual Studio 10.0\VC\bin\link.exe /ERRORREPORT:PROMPT /OUT:"E:\My School\GBC\Instructor Notes\GAME1011 - Object-Oriented Programming\New\Week 3\Examples\GAME1011_W03_LabExample\Debug\GAME1011_W03_LabExample.exe" /INCREMENTAL /NOLOGO kernel32.lib user32.lib gdi32.lib winspool.lib comdlg32.lib advapi32.lib shell32.lib ole32.lib oleaut32.lib uuid.lib odbc32.lib odbccp32.lib /MANIFEST /ManifestFile:"Debug\GAME1011_W03_LabExample.exe.intermediate.manifest" /MANIFESTUAC:"level='asInvoker' uiAccess='false'" /DEBUG /PDB:"E:\My School\GBC\Instructor Notes\GAME1011 - Object-Oriented Programming\New\Week 3\Examples\GAME1011_W03_LabExample\Debug\GAME1011_W03_LabExample.pdb" /SUBSYSTEM:CONSOLE /TLBID:1 /DYNAMICBASE /NXCOMPAT /IMPLIB:"E:\My School\GBC\Instructor Notes\GAME1011 - Object-Oriented Programming\New\Week 3\Examples\GAME1011_W03_LabExample\Debug\GAME1011_W03_LabExample.lib" /MACHINE:X86 Debug\GAME1011_W03_LabExample.exe.embed.manifest.res
         Debug\Main.obj
       Manifest:
         Deleting file "Debug\GAME1011_W03_LabExample.exe.embed.manifest".
         C:\Program Files (x86)\Microsoft SDKs\Windows\v7.0A\bin\mt.exe /nologo /verbose /out:"Debug\GAME1011_W03_LabExample.exe.embed.manifest" /manifest Debug\GAME1011_W03_LabExample.exe.intermediate.manifest
         C:\Program Files (x86)\Microsoft SDKs\Windows\v7.0A\bin\rc.exe /nologo /fo"Debug\GAME1011_W03_LabExample.exe.embed.manifest.res" Debug\GAME1011_W03_LabExample_manifest.rc 
       LinkEmbedManifest:
         C:\Program Files (x86)\Microsoft Visual Studio 10.0\VC\bin\link.exe /ERRORREPORT:PROMPT /OUT:"E:\My School\GBC\Instructor Notes\GAME1011 - Object-Oriented Programming\New\Week 3\Examples\GAME1011_W03_LabExample\Debug\GAME1011_W03_LabExample.exe" /INCREMENTAL /NOLOGO kernel32.lib user32.lib gdi32.lib winspool.lib comdlg32.lib advapi32.lib shell32.lib ole32.lib oleaut32.lib uuid.lib odbc32.lib odbccp32.lib /MANIFEST /ManifestFile:"Debug\GAME1011_W03_LabExample.exe.intermediate.manifest" /MANIFESTUAC:"level='asInvoker' uiAccess='false'" /DEBUG /PDB:"E:\My School\GBC\Instructor Notes\GAME1011 - Object-Oriented Programming\New\Week 3\Examples\GAME1011_W03_LabExample\Debug\GAME1011_W03_LabExample.pdb" /SUBSYSTEM:CONSOLE /TLBID:1 /DYNAMICBASE /NXCOMPAT /IMPLIB:"E:\My School\GBC\Instructor Notes\GAME1011 - Object-Oriented Programming\New\Week 3\Examples\GAME1011_W03_LabExample\Debug\GAME1011_W03_LabExample.lib" /MACHINE:X86 Debug\GAME1011_W03_LabExample.exe.embed.manifest.res
         Debug\Main.obj
         GAME1011_W03_LabExample.vcxproj -> E:\My School\GBC\Instructor Notes\GAME1011 - Object-Oriented Programming\New\Week 3\Examples\GAME1011_W03_LabExample\Debug\GAME1011_W03_LabExample.exe
       FinalizeBuildStatus:
         Deleting file "Debug\GAME1011_W03_LabExample.unsuccessfulbuild".
         Touching "Debug\GAME1011_W03_LabExample.lastbuildstate".
     1>Done Building Project "E:\My School\GBC\Instructor Notes\GAME1011 - Object-Oriented Programming\New\Week 3\Examples\GAME1011_W03_LabExample\GAME1011_W03_LabExample\GAME1011_W03_LabExample.vcxproj" (rebuild target(s)).

Build succeeded.

Time Elapsed 00:00:01.64
